N         Time(s)           OB_avg          OB_max       OB_min
100       0.00002642        573.00          573          573             
110       0.00003006        643.00          643          643             
120       0.00004699        713.00          713          713             
130       0.00004265        785.00          785          785             
140       0.00004692        865.00          865          865             
150       0.00004565        945.00          945          945             
160       0.00003680        1025.00         1025         1025            
170       0.00005287        1105.00         1105         1105            
180       0.00005626        1185.00         1185         1185            
190       0.00005149        1265.00         1265         1265            
200       0.00005853        1345.00         1345         1345            
210       0.00005824        1425.00         1425         1425            
220       0.00005582        1505.00         1505         1505            
230       0.00006168        1585.00         1585         1585            
240       0.00005390        1665.00         1665         1665            
250       0.00004931        1745.00         1745         1745            
260       0.00006365        1829.00         1829         1829            
270       0.00005935        1919.00         1919         1919            
280       0.00008524        2009.00         2009         2009            
290       0.00009557        2099.00         2099         2099            
300       0.00010507        2189.00         2189         2189            
310       0.00010473        2279.00         2279         2279            
320       0.00008661        2369.00         2369         2369            
330       0.00007913        2459.00         2459         2459            
340       0.00009527        2549.00         2549         2549            
350       0.00009259        2639.00         2639         2639            
360       0.00008397        2729.00         2729         2729            
370       0.00011468        2819.00         2819         2819            
380       0.00015306        2909.00         2909         2909            
390       0.00009448        2999.00         2999         2999            
400       0.00009761        3089.00         3089         3089            
410       0.00009673        3179.00         3179         3179            
420       0.00004568        3269.00         3269         3269            
430       0.00011318        3359.00         3359         3359            
440       0.00013159        3449.00         3449         3449            
450       0.00015502        3539.00         3539         3539            
460       0.00011226        3629.00         3629         3629            
470       0.00014207        3719.00         3719         3719            
480       0.00013398        3809.00         3809         3809            
490       0.00006300        3899.00         3899         3899            
500       0.00014029        3989.00         3989         3989            
510       0.00011630        4079.00         4079         4079            
520       0.00011102        4177.00         4177         4177            
530       0.00007149        4277.00         4277         4277            
540       0.00013028        4377.00         4377         4377            
550       0.00011764        4477.00         4477         4477            
560       0.00012723        4577.00         4577         4577            
570       0.00013711        4677.00         4677         4677            
580       0.00011414        4777.00         4777         4777            
590       0.00015253        4877.00         4877         4877            
600       0.00013935        4977.00         4977         4977            
610       0.00015011        5077.00         5077         5077            
620       0.00013229        5177.00         5177         5177            
630       0.00014209        5277.00         5277         5277            
640       0.00010391        5377.00         5377         5377            
650       0.00022550        5477.00         5477         5477            
660       0.00019710        5577.00         5577         5577            
670       0.00018110        5677.00         5677         5677            
680       0.00014384        5777.00         5777         5777            
690       0.00016318        5877.00         5877         5877            
700       0.00012494        5977.00         5977         5977            
710       0.00019958        6077.00         6077         6077            
720       0.00020229        6177.00         6177         6177            
730       0.00018160        6277.00         6277         6277            
740       0.00022569        6377.00         6377         6377            
750       0.00017597        6477.00         6477         6477            
760       0.00018695        6577.00         6577         6577            
770       0.00019500        6677.00         6677         6677            
780       0.00023160        6777.00         6777         6777            
790       0.00020517        6877.00         6877         6877            
800       0.00021327        6977.00         6977         6977            
810       0.00024945        7077.00         7077         7077            
820       0.00026007        7177.00         7177         7177            
830       0.00027466        7277.00         7277         7277            
840       0.00025793        7377.00         7377         7377            
850       0.00019809        7477.00         7477         7477            
860       0.00023140        7577.00         7577         7577            
870       0.00030843        7677.00         7677         7677            
880       0.00023943        7777.00         7777         7777            
890       0.00024561        7877.00         7877         7877            
900       0.00025209        7977.00         7977         7977            
910       0.00029794        8077.00         8077         8077            
920       0.00024651        8177.00         8177         8177            
930       0.00023556        8277.00         8277         8277            
940       0.00025561        8377.00         8377         8377            
950       0.00026300        8477.00         8477         8477            
960       0.00032525        8577.00         8577         8577            
970       0.00023376        8677.00         8677         8677            
980       0.00034023        8777.00         8777         8777            
990       0.00033611        8877.00         8877         8877            
1000      0.00026528        8977.00         8977         8977            
1010      0.00027321        9077.00         9077         9077            
1020      0.00026954        9177.00         9177         9177            
1030      0.00028548        9283.00         9283         9283            
1040      0.00031387        9393.00         9393         9393            
1050      0.00035250        9503.00         9503         9503            
1060      0.00031483        9613.00         9613         9613            
1070      0.00033045        9723.00         9723         9723            
1080      0.00028064        9833.00         9833         9833            
1090      0.00030057        9943.00         9943         9943            
1100      0.00029940        10053.00        10053        10053           
1110      0.00037452        10163.00        10163        10163           
1120      0.00039927        10273.00        10273        10273           
1130      0.00030639        10383.00        10383        10383           
1140      0.00035136        10493.00        10493        10493           
1150      0.00031733        10603.00        10603        10603           
1160      0.00035955        10713.00        10713        10713           
1170      0.00033360        10823.00        10823        10823           
1180      0.00031564        10933.00        10933        10933           
1190      0.00035112        11043.00        11043        11043           
1200      0.00037360        11153.00        11153        11153           
1210      0.00031818        11263.00        11263        11263           
1220      0.00035548        11373.00        11373        11373           
1230      0.00040298        11483.00        11483        11483           
1240      0.00036670        11593.00        11593        11593           
1250      0.00033920        11703.00        11703        11703           
1260      0.00033500        11813.00        11813        11813           
1270      0.00033415        11923.00        11923        11923           
1280      0.00045255        12033.00        12033        12033           
1290      0.00042298        12143.00        12143        12143           
1300      0.00041623        12253.00        12253        12253           
1310      0.00036268        12363.00        12363        12363           
1320      0.00035399        12473.00        12473        12473           
1330      0.00036320        12583.00        12583        12583           
1340      0.00035717        12693.00        12693        12693           
1350      0.00038368        12803.00        12803        12803           
1360      0.00036795        12913.00        12913        12913           
1370      0.00044753        13023.00        13023        13023           
1380      0.00050126        13133.00        13133        13133           
1390      0.00044000        13243.00        13243        13243           
1400      0.00041067        13353.00        13353        13353           
1410      0.00041634        13463.00        13463        13463           
1420      0.00037043        13573.00        13573        13573           
1430      0.00043348        13683.00        13683        13683           
1440      0.00043691        13793.00        13793        13793           
1450      0.00045317        13903.00        13903        13903           
1460      0.00043649        14013.00        14013        14013           
1470      0.00040638        14123.00        14123        14123           
1480      0.00040162        14233.00        14233        14233           
1490      0.00043333        14343.00        14343        14343           
1500      0.00050327        14453.00        14453        14453           
1510      0.00056708        14563.00        14563        14563           
1520      0.00053437        14673.00        14673        14673           
1530      0.00043611        14783.00        14783        14783           
1540      0.00043889        14893.00        14893        14893           
1550      0.00046863        15003.00        15003        15003           
1560      0.00045346        15113.00        15113        15113           
1570      0.00055341        15223.00        15223        15223           
1580      0.00059161        15333.00        15333        15333           
1590      0.00046082        15443.00        15443        15443           
1600      0.00044148        15553.00        15553        15553           
1610      0.00048894        15663.00        15663        15663           
1620      0.00045496        15773.00        15773        15773           
1630      0.00064044        15883.00        15883        15883           
1640      0.00048157        15993.00        15993        15993           
1650      0.00044190        16103.00        16103        16103           
1660      0.00047741        16213.00        16213        16213           
1670      0.00051019        16323.00        16323        16323           
1680      0.00050437        16433.00        16433        16433           
1690      0.00059646        16543.00        16543        16543           
1700      0.00048945        16653.00        16653        16653           
1710      0.00054334        16763.00        16763        16763           
1720      0.00054088        16873.00        16873        16873           
1730      0.00072039        16983.00        16983        16983           
1740      0.00050353        17093.00        17093        17093           
1750      0.00066269        17203.00        17203        17203           
1760      0.00054582        17313.00        17313        17313           
1770      0.00059703        17423.00        17423        17423           
1780      0.00064737        17533.00        17533        17533           
1790      0.00057148        17643.00        17643        17643           
1800      0.00053009        17753.00        17753        17753           
1810      0.00053241        17863.00        17863        17863           
1820      0.00069633        17973.00        17973        17973           
1830      0.00052584        18083.00        18083        18083           
1840      0.00055311        18193.00        18193        18193           
1850      0.00053892        18303.00        18303        18303           
1860      0.00049920        18413.00        18413        18413           
1870      0.00063149        18523.00        18523        18523           
1880      0.00055228        18633.00        18633        18633           
1890      0.00053074        18743.00        18743        18743           
1900      0.00066574        18853.00        18853        18853           
1910      0.00058944        18963.00        18963        18963           
1920      0.00063008        19073.00        19073        19073           
1930      0.00056754        19183.00        19183        19183           
1940      0.00057289        19293.00        19293        19293           
1950      0.00057964        19403.00        19403        19403           
1960      0.00067521        19513.00        19513        19513           
1970      0.00056489        19623.00        19623        19623           
1980      0.00059951        19733.00        19733        19733           
1990      0.00058425        19843.00        19843        19843           
2000      0.00066563        19953.00        19953        19953           
2010      0.00063778        20063.00        20063        20063           
2020      0.00057076        20173.00        20173        20173           
2030      0.00057617        20283.00        20283        20283           
2040      0.00058150        20393.00        20393        20393           
2050      0.00055672        20505.00        20505        20505           
2060      0.00070696        20625.00        20625        20625           
2070      0.00063785        20745.00        20745        20745           
2080      0.00064698        20865.00        20865        20865           
2090      0.00069954        20985.00        20985        20985           
2100      0.00057062        21105.00        21105        21105           
2110      0.00061367        21225.00        21225        21225           
2120      0.00043017        21345.00        21345        21345           
2130      0.00052938        21465.00        21465        21465           
2140      0.00044384        21585.00        21585        21585           
2150      0.00062890        21705.00        21705        21705           
2160      0.00073074        21825.00        21825        21825           
2170      0.00051506        21945.00        21945        21945           
2180      0.00058847        22065.00        22065        22065           
2190      0.00065470        22185.00        22185        22185           
2200      0.00069023        22305.00        22305        22305           
2210      0.00049604        22425.00        22425        22425           
2220      0.00061427        22545.00        22545        22545           
2230      0.00066399        22665.00        22665        22665           
2240      0.00067389        22785.00        22785        22785           
2250      0.00078161        22905.00        22905        22905           
2260      0.00069457        23025.00        23025        23025           
2270      0.00057238        23145.00        23145        23145           
2280      0.00071444        23265.00        23265        23265           
2290      0.00069705        23385.00        23385        23385           
2300      0.00065037        23505.00        23505        23505           
2310      0.00069604        23625.00        23625        23625           
2320      0.00071464        23745.00        23745        23745           
2330      0.00057798        23865.00        23865        23865           
2340      0.00063135        23985.00        23985        23985           
2350      0.00070690        24105.00        24105        24105           
2360      0.00074063        24225.00        24225        24225           
2370      0.00077352        24345.00        24345        24345           
2380      0.00069035        24465.00        24465        24465           
2390      0.00073988        24585.00        24585        24585           
2400      0.00079522        24705.00        24705        24705           
2410      0.00072891        24825.00        24825        24825           
2420      0.00074011        24945.00        24945        24945           
2430      0.00082970        25065.00        25065        25065           
2440      0.00079403        25185.00        25185        25185           
2450      0.00085695        25305.00        25305        25305           
2460      0.00075809        25425.00        25425        25425           
2470      0.00078411        25545.00        25545        25545           
2480      0.00077706        25665.00        25665        25665           
2490      0.00075782        25785.00        25785        25785           
2500      0.00089515        25905.00        25905        25905           
2510      0.00092332        26025.00        26025        26025           
2520      0.00077325        26145.00        26145        26145           
2530      0.00080732        26265.00        26265        26265           
2540      0.00076780        26385.00        26385        26385           
2550      0.00076558        26505.00        26505        26505           
2560      0.00075899        26625.00        26625        26625           
2570      0.00077855        26745.00        26745        26745           
2580      0.00078763        26865.00        26865        26865           
2590      0.00079780        26985.00        26985        26985           
2600      0.00099540        27105.00        27105        27105           
2610      0.00084870        27225.00        27225        27225           
2620      0.00085633        27345.00        27345        27345           
2630      0.00073475        27465.00        27465        27465           
2640      0.00076878        27585.00        27585        27585           
2650      0.00081911        27705.00        27705        27705           
2660      0.00085293        27825.00        27825        27825           
2670      0.00087956        27945.00        27945        27945           
2680      0.00084909        28065.00        28065        28065           
2690      0.00075786        28185.00        28185        28185           
2700      0.00089500        28305.00        28305        28305           
2710      0.00079959        28425.00        28425        28425           
2720      0.00103978        28545.00        28545        28545           
2730      0.00077839        28665.00        28665        28665           
2740      0.00086995        28785.00        28785        28785           
2750      0.00081937        28905.00        28905        28905           
2760      0.00083024        29025.00        29025        29025           
2770      0.00080680        29145.00        29145        29145           
2780      0.00089548        29265.00        29265        29265           
2790      0.00087456        29385.00        29385        29385           
2800      0.00084215        29505.00        29505        29505           
2810      0.00090616        29625.00        29625        29625           
2820      0.00080898        29745.00        29745        29745           
2830      0.00085431        29865.00        29865        29865           
2840      0.00097465        29985.00        29985        29985           
2850      0.00087876        30105.00        30105        30105           
2860      0.00097599        30225.00        30225        30225           
2870      0.00088692        30345.00        30345        30345           
2880      0.00100478        30465.00        30465        30465           
2890      0.00089604        30585.00        30585        30585           
2900      0.00097243        30705.00        30705        30705           
2910      0.00086322        30825.00        30825        30825           
2920      0.00096590        30945.00        30945        30945           
2930      0.00094782        31065.00        31065        31065           
2940      0.00090698        31185.00        31185        31185           
2950      0.00081551        31305.00        31305        31305           
2960      0.00073916        31425.00        31425        31425           
2970      0.00093683        31545.00        31545        31545           
2980      0.00068716        31665.00        31665        31665           
2990      0.00091343        31785.00        31785        31785           
3000      0.00056431        31905.00        31905        31905           
3010      0.00057292        32025.00        32025        32025           
3020      0.00028386        32145.00        32145        32145           
3030      0.00034585        32265.00        32265        32265           
3040      0.00032796        32385.00        32385        32385           
3050      0.00025812        32505.00        32505        32505           
3060      0.00026820        32625.00        32625        32625           
3070      0.00034406        32745.00        32745        32745           
3080      0.00034262        32865.00        32865        32865           
3090      0.00040088        32985.00        32985        32985           
3100      0.00029034        33105.00        33105        33105           
3110      0.00041586        33225.00        33225        33225           
3120      0.00026651        33345.00        33345        33345           
3130      0.00028778        33465.00        33465        33465           
3140      0.00028686        33585.00        33585        33585           
3150      0.00029439        33705.00        33705        33705           
3160      0.00035724        33825.00        33825        33825           
3170      0.00034032        33945.00        33945        33945           
3180      0.00029107        34065.00        34065        34065           
3190      0.00048046        34185.00        34185        34185           
3200      0.00035148        34305.00        34305        34305           
3210      0.00031099        34425.00        34425        34425           
3220      0.00031832        34545.00        34545        34545           
3230      0.00032501        34665.00        34665        34665           
3240      0.00031947        34785.00        34785        34785           
3250      0.00031915        34905.00        34905        34905           
3260      0.00033085        35025.00        35025        35025           
3270      0.00030078        35145.00        35145        35145           
3280      0.00032909        35265.00        35265        35265           
3290      0.00031960        35385.00        35385        35385           
3300      0.00031104        35505.00        35505        35505           
3310      0.00028778        35625.00        35625        35625           
3320      0.00031040        35745.00        35745        35745           
3330      0.00039244        35865.00        35865        35865           
3340      0.00063671        35985.00        35985        35985           
3350      0.00094485        36105.00        36105        36105           
3360      0.00128577        36225.00        36225        36225           
3370      0.00109564        36345.00        36345        36345           
3380      0.00107186        36465.00        36465        36465           
3390      0.00109178        36585.00        36585        36585           
3400      0.00112822        36705.00        36705        36705           
3410      0.00121439        36825.00        36825        36825           
3420      0.00117448        36945.00        36945        36945           
3430      0.00109822        37065.00        37065        37065           
3440      0.00119128        37185.00        37185        37185           
3450      0.00122400        37305.00        37305        37305           
3460      0.00104701        37425.00        37425        37425           
3470      0.00114236        37545.00        37545        37545           
3480      0.00111345        37665.00        37665        37665           
3490      0.00105062        37785.00        37785        37785           
3500      0.00109256        37905.00        37905        37905           
3510      0.00105154        38025.00        38025        38025           
3520      0.00124580        38145.00        38145        38145           
3530      0.00122713        38265.00        38265        38265           
3540      0.00107706        38385.00        38385        38385           
3550      0.00115421        38505.00        38505        38505           
3560      0.00116283        38625.00        38625        38625           
3570      0.00121356        38745.00        38745        38745           
3580      0.00106833        38865.00        38865        38865           
3590      0.00113160        38985.00        38985        38985           
3600      0.00112196        39105.00        39105        39105           
3610      0.00122042        39225.00        39225        39225           
3620      0.00135211        39345.00        39345        39345           
3630      0.00111248        39465.00        39465        39465           
3640      0.00113426        39585.00        39585        39585           
3650      0.00113791        39705.00        39705        39705           
3660      0.00127699        39825.00        39825        39825           
3670      0.00123673        39945.00        39945        39945           
3680      0.00120913        40065.00        40065        40065           
3690      0.00119355        40185.00        40185        40185           
3700      0.00112557        40305.00        40305        40305           
3710      0.00136444        40425.00        40425        40425           
3720      0.00123640        40545.00        40545        40545           
3730      0.00116610        40665.00        40665        40665           
3740      0.00117493        40785.00        40785        40785           
3750      0.00125804        40905.00        40905        40905           
3760      0.00124951        41025.00        41025        41025           
3770      0.00129032        41145.00        41145        41145           
3780      0.00117133        41265.00        41265        41265           
3790      0.00128308        41385.00        41385        41385           
3800      0.00118571        41505.00        41505        41505           
3810      0.00122217        41625.00        41625        41625           
3820      0.00147691        41745.00        41745        41745           
3830      0.00127867        41865.00        41865        41865           
3840      0.00113411        41985.00        41985        41985           
3850      0.00123317        42105.00        42105        42105           
3860      0.00117939        42225.00        42225        42225           
3870      0.00130627        42345.00        42345        42345           
3880      0.00123791        42465.00        42465        42465           
3890      0.00121728        42585.00        42585        42585           
3900      0.00128653        42705.00        42705        42705           
3910      0.00120265        42825.00        42825        42825           
3920      0.00123747        42945.00        42945        42945           
3930      0.00121095        43065.00        43065        43065           
3940      0.00125383        43185.00        43185        43185           
3950      0.00138400        43305.00        43305        43305           
3960      0.00118239        43425.00        43425        43425           
3970      0.00119217        43545.00        43545        43545           
3980      0.00125897        43665.00        43665        43665           
3990      0.00123815        43785.00        43785        43785           
4000      0.00131506        43905.00        43905        43905           
4010      0.00139258        44025.00        44025        44025           
4020      0.00128305        44145.00        44145        44145           
4030      0.00125189        44265.00        44265        44265           
4040      0.00120627        44385.00        44385        44385           
4050      0.00131910        44505.00        44505        44505           
4060      0.00131242        44625.00        44625        44625           
4070      0.00123547        44745.00        44745        44745           
4080      0.00130190        44865.00        44865        44865           
4090      0.00143011        44985.00        44985        44985           
4100      0.00151479        45109.00        45109        45109           
4110      0.00130925        45239.00        45239        45239           
4120      0.00131106        45369.00        45369        45369           
4130      0.00142998        45499.00        45499        45499           
4140      0.00131119        45629.00        45629        45629           
4150      0.00138568        45759.00        45759        45759           
4160      0.00128562        45889.00        45889        45889           
4170      0.00147697        46019.00        46019        46019           
4180      0.00165912        46149.00        46149        46149           
4190      0.00153364        46279.00        46279        46279           
4200      0.00155248        46409.00        46409        46409           
4210      0.00137225        46539.00        46539        46539           
4220      0.00139409        46669.00        46669        46669           
4230      0.00148328        46799.00        46799        46799           
4240      0.00133379        46929.00        46929        46929           
4250      0.00130270        47059.00        47059        47059           
4260      0.00150011        47189.00        47189        47189           
4270      0.00149794        47319.00        47319        47319           
4280      0.00138031        47449.00        47449        47449           
4290      0.00140460        47579.00        47579        47579           
4300      0.00147719        47709.00        47709        47709           
4310      0.00143793        47839.00        47839        47839           
4320      0.00139840        47969.00        47969        47969           
4330      0.00132538        48099.00        48099        48099           
4340      0.00135361        48229.00        48229        48229           
4350      0.00128874        48359.00        48359        48359           
4360      0.00144180        48489.00        48489        48489           
4370      0.00140806        48619.00        48619        48619           
4380      0.00136785        48749.00        48749        48749           
4390      0.00150085        48879.00        48879        48879           
4400      0.00160855        49009.00        49009        49009           
4410      0.00155662        49139.00        49139        49139           
4420      0.00148781        49269.00        49269        49269           
4430      0.00155450        49399.00        49399        49399           
4440      0.00165708        49529.00        49529        49529           
4450      0.00141898        49659.00        49659        49659           
4460      0.00141626        49789.00        49789        49789           
4470      0.00158454        49919.00        49919        49919           
4480      0.00169266        50049.00        50049        50049           
4490      0.00150527        50179.00        50179        50179           
4500      0.00150739        50309.00        50309        50309           
4510      0.00167208        50439.00        50439        50439           
4520      0.00160641        50569.00        50569        50569           
4530      0.00138829        50699.00        50699        50699           
4540      0.00146080        50829.00        50829        50829           
4550      0.00154402        50959.00        50959        50959           
4560      0.00179450        51089.00        51089        51089           
4570      0.00143956        51219.00        51219        51219           
4580      0.00146010        51349.00        51349        51349           
4590      0.00152927        51479.00        51479        51479           
4600      0.00162544        51609.00        51609        51609           
4610      0.00138351        51739.00        51739        51739           
4620      0.00139303        51869.00        51869        51869           
4630      0.00155770        51999.00        51999        51999           
4640      0.00152754        52129.00        52129        52129           
4650      0.00151927        52259.00        52259        52259           
4660      0.00151899        52389.00        52389        52389           
4670      0.00154351        52519.00        52519        52519           
4680      0.00163387        52649.00        52649        52649           
4690      0.00152207        52779.00        52779        52779           
4700      0.00147017        52909.00        52909        52909           
4710      0.00150144        53039.00        53039        53039           
4720      0.00170357        53169.00        53169        53169           
4730      0.00156725        53299.00        53299        53299           
4740      0.00152471        53429.00        53429        53429           
4750      0.00156164        53559.00        53559        53559           
4760      0.00155173        53689.00        53689        53689           
4770      0.00151316        53819.00        53819        53819           
4780      0.00160467        53949.00        53949        53949           
4790      0.00157862        54079.00        54079        54079           
4800      0.00155483        54209.00        54209        54209           
4810      0.00154837        54339.00        54339        54339           
4820      0.00162906        54469.00        54469        54469           
4830      0.00171077        54599.00        54599        54599           
4840      0.00200268        54729.00        54729        54729           
4850      0.00121256        54859.00        54859        54859           
4860      0.00102421        54989.00        54989        54989           
4870      0.00053213        55119.00        55119        55119           
4880      0.00047989        55249.00        55249        55249           
4890      0.00058431        55379.00        55379        55379           
4900      0.00049059        55509.00        55509        55509           
4910      0.00044312        55639.00        55639        55639           
4920      0.00057512        55769.00        55769        55769           
4930      0.00052623        55899.00        55899        55899           
4940      0.00048355        56029.00        56029        56029           
4950      0.00044202        56159.00        56159        56159           
4960      0.00054994        56289.00        56289        56289           
4970      0.00054138        56419.00        56419        56419           
4980      0.00046511        56549.00        56549        56549           
4990      0.00045375        56679.00        56679        56679           
5000      0.00078256        56809.00        56809        56809           
