N         Time(s)           OB_avg          OB_max       OB_min
100       0.00000257        480.00          480          480             
110       0.00000358        540.00          540          540             
120       0.00000383        600.00          600          600             
130       0.00000407        663.00          663          663             
140       0.00000401        733.00          733          733             
150       0.00000354        803.00          803          803             
160       0.00000424        873.00          873          873             
170       0.00000393        943.00          943          943             
180       0.00000498        1013.00         1013         1013            
190       0.00000546        1083.00         1083         1083            
200       0.00000474        1153.00         1153         1153            
210       0.00000473        1223.00         1223         1223            
220       0.00000481        1293.00         1293         1293            
230       0.00000499        1363.00         1363         1363            
240       0.00000524        1433.00         1433         1433            
250       0.00000546        1503.00         1503         1503            
260       0.00009455        1578.00         1578         1578            
270       0.00000601        1658.00         1658         1658            
280       0.00000649        1738.00         1738         1738            
290       0.00000651        1818.00         1818         1818            
300       0.00000705        1898.00         1898         1898            
310       0.00000753        1978.00         1978         1978            
320       0.00000781        2058.00         2058         2058            
330       0.00000802        2138.00         2138         2138            
340       0.00000883        2218.00         2218         2218            
350       0.00000878        2298.00         2298         2298            
360       0.00000926        2378.00         2378         2378            
370       0.00001003        2458.00         2458         2458            
380       0.00000978        2538.00         2538         2538            
390       0.00001092        2618.00         2618         2618            
400       0.00001021        2698.00         2698         2698            
410       0.00001035        2778.00         2778         2778            
420       0.00001080        2858.00         2858         2858            
430       0.00001086        2938.00         2938         2938            
440       0.00001111        3018.00         3018         3018            
450       0.00001137        3098.00         3098         3098            
460       0.00001162        3178.00         3178         3178            
470       0.00001195        3258.00         3258         3258            
480       0.00001207        3338.00         3338         3338            
490       0.00001231        3418.00         3418         3418            
500       0.00001246        3498.00         3498         3498            
510       0.00001269        3578.00         3578         3578            
520       0.00001299        3667.00         3667         3667            
530       0.00001312        3757.00         3757         3757            
540       0.00001376        3847.00         3847         3847            
550       0.00001424        3937.00         3937         3937            
560       0.00001412        4027.00         4027         4027            
570       0.00001448        4117.00         4117         4117            
580       0.00001543        4207.00         4207         4207            
590       0.00001593        4297.00         4297         4297            
600       0.00001540        4387.00         4387         4387            
610       0.00001583        4477.00         4477         4477            
620       0.00001629        4567.00         4567         4567            
630       0.00001655        4657.00         4657         4657            
640       0.00001774        4747.00         4747         4747            
650       0.00001760        4837.00         4837         4837            
660       0.00001773        4927.00         4927         4927            
670       0.00001826        5017.00         5017         5017            
680       0.00001928        5107.00         5107         5107            
690       0.00001883        5197.00         5197         5197            
700       0.00001926        5287.00         5287         5287            
710       0.00001959        5377.00         5377         5377            
720       0.00002010        5467.00         5467         5467            
730       0.00002059        5557.00         5557         5557            
740       0.00002104        5647.00         5647         5647            
750       0.00002117        5737.00         5737         5737            
760       0.00002155        5827.00         5827         5827            
770       0.00002419        5917.00         5917         5917            
780       0.00002282        6007.00         6007         6007            
790       0.00002223        6097.00         6097         6097            
800       0.00002247        6187.00         6187         6187            
810       0.00002375        6277.00         6277         6277            
820       0.00002274        6367.00         6367         6367            
830       0.00002300        6457.00         6457         6457            
840       0.00002427        6547.00         6547         6547            
850       0.00002362        6637.00         6637         6637            
860       0.00002367        6727.00         6727         6727            
870       0.00002413        6817.00         6817         6817            
880       0.00002423        6907.00         6907         6907            
890       0.00002408        6997.00         6997         6997            
900       0.00002515        7087.00         7087         7087            
910       0.00002531        7177.00         7177         7177            
920       0.00002517        7267.00         7267         7267            
930       0.00002539        7357.00         7357         7357            
940       0.00002567        7447.00         7447         7447            
950       0.00002559        7537.00         7537         7537            
960       0.00002627        7627.00         7627         7627            
970       0.00002709        7717.00         7717         7717            
980       0.00002648        7807.00         7807         7807            
990       0.00002519        7897.00         7897         7897            
1000      0.00002648        7987.00         7987         7987            
1010      0.00002695        8077.00         8077         8077            
1020      0.00002743        8167.00         8167         8167            
1030      0.00002831        8264.00         8264         8264            
1040      0.00002924        8364.00         8364         8364            
1050      0.00002832        8464.00         8464         8464            
1060      0.00002948        8564.00         8564         8564            
1070      0.00002912        8664.00         8664         8664            
1080      0.00002939        8764.00         8764         8764            
1090      0.00003075        8864.00         8864         8864            
1100      0.00003093        8964.00         8964         8964            
1110      0.00003141        9064.00         9064         9064            
1120      0.00003272        9164.00         9164         9164            
1130      0.00003197        9264.00         9264         9264            
1140      0.00003233        9364.00         9364         9364            
1150      0.00003282        9464.00         9464         9464            
1160      0.00003358        9564.00         9564         9564            
1170      0.00003384        9664.00         9664         9664            
1180      0.00003428        9764.00         9764         9764            
1190      0.00003452        9864.00         9864         9864            
1200      0.00003442        9964.00         9964         9964            
1210      0.00003606        10064.00        10064        10064           
1220      0.00003587        10164.00        10164        10164           
1230      0.00003573        10264.00        10264        10264           
1240      0.00003573        10364.00        10364        10364           
1250      0.00003704        10464.00        10464        10464           
1260      0.00003640        10564.00        10564        10564           
1270      0.00003702        10664.00        10664        10664           
1280      0.00003797        10764.00        10764        10764           
1290      0.00003809        10864.00        10864        10864           
1300      0.00003933        10964.00        10964        10964           
1310      0.00004016        11064.00        11064        11064           
1320      0.00003891        11164.00        11164        11164           
1330      0.00004118        11264.00        11264        11264           
1340      0.00004095        11364.00        11364        11364           
1350      0.00006231        11464.00        11464        11464           
1360      0.00009345        11564.00        11564        11564           
1370      0.00004331        11664.00        11664        11664           
1380      0.00004191        11764.00        11764        11764           
1390      0.00004196        11864.00        11864        11864           
1400      0.00004200        11964.00        11964        11964           
1410      0.00004301        12064.00        12064        12064           
1420      0.00004407        12164.00        12164        12164           
1430      0.00004430        12264.00        12264        12264           
1440      0.00004773        12364.00        12364        12364           
1450      0.00018959        12464.00        12464        12464           
1460      0.00004442        12564.00        12564        12564           
1470      0.00004567        12664.00        12664        12664           
1480      0.00004661        12764.00        12764        12764           
1490      0.00004680        12864.00        12864        12864           
1500      0.00004611        12964.00        12964        12964           
1510      0.00004646        13064.00        13064        13064           
1520      0.00004653        13164.00        13164        13164           
1530      0.00004701        13264.00        13264        13264           
1540      0.00004653        13364.00        13364        13364           
1550      0.00004828        13464.00        13464        13464           
1560      0.00004852        13564.00        13564        13564           
1570      0.00004855        13664.00        13664        13664           
1580      0.00004930        13764.00        13764        13764           
1590      0.00004856        13864.00        13864        13864           
1600      0.00004846        13964.00        13964        13964           
1610      0.00004993        14064.00        14064        14064           
1620      0.00005091        14164.00        14164        14164           
1630      0.00005083        14264.00        14264        14264           
1640      0.00005038        14364.00        14364        14364           
1650      0.00005165        14464.00        14464        14464           
1660      0.00005144        14564.00        14564        14564           
1670      0.00005468        14664.00        14664        14664           
1680      0.00005472        14764.00        14764        14764           
1690      0.00005273        14864.00        14864        14864           
1700      0.00005173        14964.00        14964        14964           
1710      0.00005233        15064.00        15064        15064           
1720      0.00005154        15164.00        15164        15164           
1730      0.00005330        15264.00        15264        15264           
1740      0.00005431        15364.00        15364        15364           
1750      0.00006936        15464.00        15464        15464           
1760      0.00005653        15564.00        15564        15564           
1770      0.00005385        15664.00        15664        15664           
1780      0.00005151        15764.00        15764        15764           
1790      0.00006220        15864.00        15864        15864           
1800      0.00005770        15964.00        15964        15964           
1810      0.00005419        16064.00        16064        16064           
1820      0.00005513        16164.00        16164        16164           
1830      0.00006161        16264.00        16264        16264           
1840      0.00006039        16364.00        16364        16364           
1850      0.00005724        16464.00        16464        16464           
1860      0.00005412        16564.00        16564        16564           
1870      0.00005739        16664.00        16664        16664           
1880      0.00005511        16764.00        16764        16764           
1890      0.00005806        16864.00        16864        16864           
1900      0.00005474        16964.00        16964        16964           
1910      0.00005470        17064.00        17064        17064           
1920      0.00005815        17164.00        17164        17164           
1930      0.00005890        17264.00        17264        17264           
1940      0.00005782        17364.00        17364        17364           
1950      0.00005731        17464.00        17464        17464           
1960      0.00005724        17564.00        17564        17564           
1970      0.00006021        17664.00        17664        17664           
1980      0.00005908        17764.00        17764        17764           
1990      0.00006250        17864.00        17864        17864           
2000      0.00005933        17964.00        17964        17964           
2010      0.00005858        18064.00        18064        18064           
2020      0.00006125        18164.00        18164        18164           
2030      0.00006151        18264.00        18264        18264           
2040      0.00005926        18364.00        18364        18364           
2050      0.00005485        18467.00        18467        18467           
2060      0.00005875        18577.00        18577        18577           
2070      0.00006082        18687.00        18687        18687           
2080      0.00005817        18797.00        18797        18797           
2090      0.00006137        18907.00        18907        18907           
2100      0.00006155        19017.00        19017        19017           
2110      0.00006242        19127.00        19127        19127           
2120      0.00006577        19237.00        19237        19237           
2130      0.00006147        19347.00        19347        19347           
2140      0.00006075        19457.00        19457        19457           
2150      0.00006248        19567.00        19567        19567           
2160      0.00006389        19677.00        19677        19677           
2170      0.00006556        19787.00        19787        19787           
2180      0.00006478        19897.00        19897        19897           
2190      0.00006684        20007.00        20007        20007           
2200      0.00006652        20117.00        20117        20117           
2210      0.00007038        20227.00        20227        20227           
2220      0.00006737        20337.00        20337        20337           
2230      0.00007019        20447.00        20447        20447           
2240      0.00006872        20557.00        20557        20557           
2250      0.00007013        20667.00        20667        20667           
2260      0.00007041        20777.00        20777        20777           
2270      0.00006780        20887.00        20887        20887           
2280      0.00006990        20997.00        20997        20997           
2290      0.00007072        21107.00        21107        21107           
2300      0.00006613        21217.00        21217        21217           
2310      0.00007174        21327.00        21327        21327           
2320      0.00007356        21437.00        21437        21437           
2330      0.00007378        21547.00        21547        21547           
2340      0.00007506        21657.00        21657        21657           
2350      0.00007240        21767.00        21767        21767           
2360      0.00007704        21877.00        21877        21877           
2370      0.00007657        21987.00        21987        21987           
2380      0.00007460        22097.00        22097        22097           
2390      0.00007728        22207.00        22207        22207           
2400      0.00007571        22317.00        22317        22317           
2410      0.00008456        22427.00        22427        22427           
2420      0.00010437        22537.00        22537        22537           
2430      0.00008215        22647.00        22647        22647           
2440      0.00008136        22757.00        22757        22757           
2450      0.00007950        22867.00        22867        22867           
2460      0.00007916        22977.00        22977        22977           
2470      0.00007831        23087.00        23087        23087           
2480      0.00007866        23197.00        23197        23197           
2490      0.00007838        23307.00        23307        23307           
2500      0.00008071        23417.00        23417        23417           
2510      0.00008316        23527.00        23527        23527           
2520      0.00008182        23637.00        23637        23637           
2530      0.00008090        23747.00        23747        23747           
2540      0.00008434        23857.00        23857        23857           
2550      0.00008727        23967.00        23967        23967           
2560      0.00008300        24077.00        24077        24077           
2570      0.00008169        24187.00        24187        24187           
2580      0.00008364        24297.00        24297        24297           
2590      0.00008408        24407.00        24407        24407           
2600      0.00008471        24517.00        24517        24517           
2610      0.00008504        24627.00        24627        24627           
2620      0.00008567        24737.00        24737        24737           
2630      0.00008490        24847.00        24847        24847           
2640      0.00008525        24957.00        24957        24957           
2650      0.00008547        25067.00        25067        25067           
2660      0.00008629        25177.00        25177        25177           
2670      0.00008421        25287.00        25287        25287           
2680      0.00008681        25397.00        25397        25397           
2690      0.00008749        25507.00        25507        25507           
2700      0.00008854        25617.00        25617        25617           
2710      0.00008851        25727.00        25727        25727           
2720      0.00020677        25837.00        25837        25837           
2730      0.00008915        25947.00        25947        25947           
2740      0.00008590        26057.00        26057        26057           
2750      0.00008951        26167.00        26167        26167           
2760      0.00008891        26277.00        26277        26277           
2770      0.00009005        26387.00        26387        26387           
2780      0.00008946        26497.00        26497        26497           
2790      0.00009106        26607.00        26607        26607           
2800      0.00008845        26717.00        26717        26717           
2810      0.00009141        26827.00        26827        26827           
2820      0.00009304        26937.00        26937        26937           
2830      0.00009300        27047.00        27047        27047           
2840      0.00009359        27157.00        27157        27157           
2850      0.00009274        27267.00        27267        27267           
2860      0.00009472        27377.00        27377        27377           
2870      0.00009527        27487.00        27487        27487           
2880      0.00009439        27597.00        27597        27597           
2890      0.00009535        27707.00        27707        27707           
2900      0.00009714        27817.00        27817        27817           
2910      0.00009444        27927.00        27927        27927           
2920      0.00009622        28037.00        28037        28037           
2930      0.00009429        28147.00        28147        28147           
2940      0.00009748        28257.00        28257        28257           
2950      0.00009679        28367.00        28367        28367           
2960      0.00009756        28477.00        28477        28477           
2970      0.00010159        28587.00        28587        28587           
2980      0.00011616        28697.00        28697        28697           
2990      0.00010049        28807.00        28807        28807           
3000      0.00009968        28917.00        28917        28917           
3010      0.00010348        29027.00        29027        29027           
3020      0.00010186        29137.00        29137        29137           
3030      0.00010268        29247.00        29247        29247           
3040      0.00009686        29357.00        29357        29357           
3050      0.00009738        29467.00        29467        29467           
3060      0.00010046        29577.00        29577        29577           
3070      0.00010085        29687.00        29687        29687           
3080      0.00010145        29797.00        29797        29797           
3090      0.00010266        29907.00        29907        29907           
3100      0.00010200        30017.00        30017        30017           
3110      0.00010507        30127.00        30127        30127           
3120      0.00010289        30237.00        30237        30237           
3130      0.00010485        30347.00        30347        30347           
3140      0.00010487        30457.00        30457        30457           
3150      0.00010654        30567.00        30567        30567           
3160      0.00010417        30677.00        30677        30677           
3170      0.00010284        30787.00        30787        30787           
3180      0.00010382        30897.00        30897        30897           
3190      0.00010522        31007.00        31007        31007           
3200      0.00010403        31117.00        31117        31117           
3210      0.00010587        31227.00        31227        31227           
3220      0.00010614        31337.00        31337        31337           
3230      0.00010671        31447.00        31447        31447           
3240      0.00010603        31557.00        31557        31557           
3250      0.00010598        31667.00        31667        31667           
3260      0.00010533        31777.00        31777        31777           
3270      0.00010744        31887.00        31887        31887           
3280      0.00010519        31997.00        31997        31997           
3290      0.00010688        32107.00        32107        32107           
3300      0.00010506        32217.00        32217        32217           
3310      0.00010765        32327.00        32327        32327           
3320      0.00010753        32437.00        32437        32437           
3330      0.00010704        32547.00        32547        32547           
3340      0.00011015        32657.00        32657        32657           
3350      0.00010941        32767.00        32767        32767           
3360      0.00010930        32877.00        32877        32877           
3370      0.00011190        32987.00        32987        32987           
3380      0.00011124        33097.00        33097        33097           
3390      0.00010864        33207.00        33207        33207           
3400      0.00011147        33317.00        33317        33317           
3410      0.00011088        33427.00        33427        33427           
3420      0.00011055        33537.00        33537        33537           
3430      0.00011189        33647.00        33647        33647           
3440      0.00011020        33757.00        33757        33757           
3450      0.00011361        33867.00        33867        33867           
3460      0.00011679        33977.00        33977        33977           
3470      0.00011877        34087.00        34087        34087           
3480      0.00011612        34197.00        34197        34197           
3490      0.00011885        34307.00        34307        34307           
3500      0.00011213        34417.00        34417        34417           
3510      0.00011389        34527.00        34527        34527           
3520      0.00011181        34637.00        34637        34637           
3530      0.00011332        34747.00        34747        34747           
3540      0.00011403        34857.00        34857        34857           
3550      0.00011322        34967.00        34967        34967           
3560      0.00011601        35077.00        35077        35077           
3570      0.00011561        35187.00        35187        35187           
3580      0.00011678        35297.00        35297        35297           
3590      0.00011569        35407.00        35407        35407           
3600      0.00011615        35517.00        35517        35517           
3610      0.00011705        35627.00        35627        35627           
3620      0.00011711        35737.00        35737        35737           
3630      0.00011930        35847.00        35847        35847           
3640      0.00011879        35957.00        35957        35957           
3650      0.00011724        36067.00        36067        36067           
3660      0.00015224        36177.00        36177        36177           
3670      0.00011864        36287.00        36287        36287           
3680      0.00011718        36397.00        36397        36397           
3690      0.00011790        36507.00        36507        36507           
3700      0.00011882        36617.00        36617        36617           
3710      0.00011673        36727.00        36727        36727           
3720      0.00011924        36837.00        36837        36837           
3730      0.00012070        36947.00        36947        36947           
3740      0.00011941        37057.00        37057        37057           
3750      0.00012126        37167.00        37167        37167           
3760      0.00012037        37277.00        37277        37277           
3770      0.00012138        37387.00        37387        37387           
3780      0.00012232        37497.00        37497        37497           
3790      0.00012070        37607.00        37607        37607           
3800      0.00012199        37717.00        37717        37717           
3810      0.00012210        37827.00        37827        37827           
3820      0.00012448        37937.00        37937        37937           
3830      0.00012403        38047.00        38047        38047           
3840      0.00012209        38157.00        38157        38157           
3850      0.00012017        38267.00        38267        38267           
3860      0.00012462        38377.00        38377        38377           
3870      0.00012826        38487.00        38487        38487           
3880      0.00013286        38597.00        38597        38597           
3890      0.00012874        38707.00        38707        38707           
3900      0.00013088        38817.00        38817        38817           
3910      0.00012714        38927.00        38927        38927           
3920      0.00012725        39037.00        39037        39037           
3930      0.00012443        39147.00        39147        39147           
3940      0.00012761        39257.00        39257        39257           
3950      0.00012691        39367.00        39367        39367           
3960      0.00012926        39477.00        39477        39477           
3970      0.00012349        39587.00        39587        39587           
3980      0.00012785        39697.00        39697        39697           
3990      0.00012983        39807.00        39807        39807           
4000      0.00012819        39917.00        39917        39917           
4010      0.00012996        40027.00        40027        40027           
4020      0.00012780        40137.00        40137        40137           
4030      0.00012740        40247.00        40247        40247           
4040      0.00012942        40357.00        40357        40357           
4050      0.00012604        40467.00        40467        40467           
4060      0.00013009        40577.00        40577        40577           
4070      0.00013118        40687.00        40687        40687           
4080      0.00013008        40797.00        40797        40797           
4090      0.00012938        40907.00        40907        40907           
4100      0.00013205        41022.00        41022        41022           
4110      0.00013314        41142.00        41142        41142           
4120      0.00013264        41262.00        41262        41262           
4130      0.00013248        41382.00        41382        41382           
4140      0.00013454        41502.00        41502        41502           
4150      0.00013513        41622.00        41622        41622           
4160      0.00013344        41742.00        41742        41742           
4170      0.00013197        41862.00        41862        41862           
4180      0.00014559        41982.00        41982        41982           
4190      0.00013620        42102.00        42102        42102           
4200      0.00013668        42222.00        42222        42222           
4210      0.00013615        42342.00        42342        42342           
4220      0.00013786        42462.00        42462        42462           
4230      0.00014119        42582.00        42582        42582           
4240      0.00013832        42702.00        42702        42702           
4250      0.00013664        42822.00        42822        42822           
4260      0.00014814        42942.00        42942        42942           
4270      0.00014738        43062.00        43062        43062           
4280      0.00013998        43182.00        43182        43182           
4290      0.00014002        43302.00        43302        43302           
4300      0.00014094        43422.00        43422        43422           
4310      0.00014144        43542.00        43542        43542           
4320      0.00013936        43662.00        43662        43662           
4330      0.00013868        43782.00        43782        43782           
4340      0.00014052        43902.00        43902        43902           
4350      0.00014013        44022.00        44022        44022           
4360      0.00014287        44142.00        44142        44142           
4370      0.00014458        44262.00        44262        44262           
4380      0.00014417        44382.00        44382        44382           
4390      0.00014829        44502.00        44502        44502           
4400      0.00014546        44622.00        44622        44622           
4410      0.00014634        44742.00        44742        44742           
4420      0.00015031        44862.00        44862        44862           
4430      0.00014721        44982.00        44982        44982           
4440      0.00014635        45102.00        45102        45102           
4450      0.00014499        45222.00        45222        45222           
4460      0.00014758        45342.00        45342        45342           
4470      0.00014745        45462.00        45462        45462           
4480      0.00014764        45582.00        45582        45582           
4490      0.00014914        45702.00        45702        45702           
4500      0.00014805        45822.00        45822        45822           
4510      0.00016340        45942.00        45942        45942           
4520      0.00015068        46062.00        46062        46062           
4530      0.00015038        46182.00        46182        46182           
4540      0.00015009        46302.00        46302        46302           
4550      0.00015252        46422.00        46422        46422           
4560      0.00016181        46542.00        46542        46542           
4570      0.00015255        46662.00        46662        46662           
4580      0.00015236        46782.00        46782        46782           
4590      0.00015393        46902.00        46902        46902           
4600      0.00021823        47022.00        47022        47022           
4610      0.00016007        47142.00        47142        47142           
4620      0.00015640        47262.00        47262        47262           
4630      0.00015620        47382.00        47382        47382           
4640      0.00015962        47502.00        47502        47502           
4650      0.00015396        47622.00        47622        47622           
4660      0.00015576        47742.00        47742        47742           
4670      0.00015872        47862.00        47862        47862           
4680      0.00015896        47982.00        47982        47982           
4690      0.00015963        48102.00        48102        48102           
4700      0.00016052        48222.00        48222        48222           
4710      0.00016134        48342.00        48342        48342           
4720      0.00015928        48462.00        48462        48462           
4730      0.00016266        48582.00        48582        48582           
4740      0.00016207        48702.00        48702        48702           
4750      0.00016360        48822.00        48822        48822           
4760      0.00016349        48942.00        48942        48942           
4770      0.00016298        49062.00        49062        49062           
4780      0.00016456        49182.00        49182        49182           
4790      0.00016312        49302.00        49302        49302           
4800      0.00016533        49422.00        49422        49422           
4810      0.00016706        49542.00        49542        49542           
4820      0.00016673        49662.00        49662        49662           
4830      0.00016678        49782.00        49782        49782           
4840      0.00016523        49902.00        49902        49902           
4850      0.00016971        50022.00        50022        50022           
4860      0.00016671        50142.00        50142        50142           
4870      0.00016909        50262.00        50262        50262           
4880      0.00016764        50382.00        50382        50382           
4890      0.00016527        50502.00        50502        50502           
4900      0.00016870        50622.00        50622        50622           
4910      0.00017185        50742.00        50742        50742           
4920      0.00017733        50862.00        50862        50862           
4930      0.00017540        50982.00        50982        50982           
4940      0.00016980        51102.00        51102        51102           
4950      0.00017033        51222.00        51222        51222           
4960      0.00017033        51342.00        51342        51342           
4970      0.00017002        51462.00        51462        51462           
4980      0.00017046        51582.00        51582        51582           
4990      0.00016977        51702.00        51702        51702           
5000      0.00017334        51822.00        51822        51822           
