N         Time(s)           OB_avg          OB_max       OB_min
100       0.00000525        691.33          746          647             
200       0.00001161        1617.74         1799         1527            
300       0.00001925        2631.57         2952         2451            
400       0.00002638        3704.42         4275         3487            
500       0.00003429        4794.57         5224         4538            
600       0.00003841        5961.36         7155         5612            
700       0.00004644        7149.13         7938         6776            
800       0.00005936        8341.50         9176         7922            
900       0.00006376        9620.94         11059        9066            
1000      0.00007233        10765.73        11649        10173           
1100      0.00007809        12064.84        12976        11374           
1200      0.00008847        13355.29        15050        12685           
1300      0.00009466        14612.51        15626        13920           
1400      0.00011032        15928.08        17430        15154           
1500      0.00011247        17298.41        18894        16252           
1600      0.00012047        18594.77        20634        17639           
1700      0.00012837        19853.61        21737        19045           
1800      0.00013795        21330.53        24034        20131           
1900      0.00014708        22596.67        25062        21418           
2000      0.00015589        23913.65        26413        22753           
2100      0.00016548        25340.84        27338        24286           
2200      0.00017354        26756.15        30632        25386           
2300      0.00018221        28056.92        30653        26724           
2400      0.00019048        29666.49        31970        28130           
2500      0.00019817        30846.51        33552        29424           
2600      0.00020740        32366.46        35970        30779           
2700      0.00021518        33748.51        36875        32032           
2800      0.00022617        35361.48        38546        33873           
2900      0.00023445        36814.39        40113        35118           
3000      0.00024638        38134.57        42821        36303           
3100      0.00025189        39453.73        42912        37808           
3200      0.00026537        40974.77        44381        38788           
3300      0.00028799        42267.88        44923        40447           
3400      0.00030114        43857.02        47118        41660           
3500      0.00029038        45191.49        50242        43365           
3600      0.00029933        46847.93        50910        45080           
3700      0.00030826        48239.47        53480        45681           
3800      0.00032526        49574.37        53507        47309           
3900      0.00032448        51290.03        55787        48699           
4000      0.00033505        52703.72        56214        50658           
4100      0.00035189        54043.25        58683        51875           
4200      0.00035322        55879.19        62770        53269           
4300      0.00036428        57358.52        62785        54724           
4400      0.00037549        58797.66        63628        56395           
4500      0.00038971        60253.66        65302        57619           
4600      0.00040820        61652.42        67088        58629           
4700      0.00040741        62947.68        66732        60225           
4800      0.00041683        64769.06        73623        61822           
4900      0.00042489        66532.71        73357        62970           
5000      0.00043503        67929.62        72255        64989           
5100      0.00048029        69276.84        76192        65685           
5200      0.00047466        70710.93        76591        67417           
5300      0.00067487        72350.09        80017        69537           
5400      0.00046302        74044.74        80747        71341           
5500      0.00048498        75370.24        84773        72451           
5600      0.00048062        77164.12        81861        73540           
5700      0.00050070        78694.59        84554        75478           
5800      0.00051242        80099.71        88708        76532           
5900      0.00052706        81822.01        89102        78213           
6000      0.00050373        83171.70        91165        79405           
6100      0.00053783        85074.42        92991        81154           
6200      0.00055178        86501.52        93766        83125           
6300      0.00056762        87961.26        95945        84272           
6400      0.00057561        89603.73        96178        85641           
6500      0.00060053        91252.89        99105        87034           
6600      0.00059725        92686.95        101586       88792           
6700      0.00060689        93846.92        100717       89850           
6800      0.00061471        96045.02        103794       91710           
6900      0.00063306        97358.98        103112       92989           
7000      0.00063922        99062.12        107705       94633           
7100      0.00066322        101038.81       109487       96256           
7200      0.00064443        102152.96       112939       97007           
7300      0.00063842        103695.75       111277       99149           
7400      0.00065562        105483.47       114049       100353          
7500      0.00067057        106565.45       112639       102209          
7600      0.00071490        108438.50       122045       103773          
7700      0.00069812        110691.49       118918       105670          
7800      0.00070353        111709.59       119074       107402          
7900      0.00072756        113763.52       127282       107667          
8000      0.00070876        115301.18       125934       110309          
8100      0.00072424        116027.28       123669       111636          
8200      0.00072514        117875.38       129285       112961          
8300      0.00076390        119942.60       128790       114652          
8400      0.00075663        121310.12       131230       115722          
8500      0.00081798        123084.70       131230       117738          
8600      0.00082042        124595.99       134287       118807          
8700      0.00081115        126334.73       137430       120744          
8800      0.00081697        127650.62       137894       122555          
8900      0.00083102        129724.18       138754       123661          
9000      0.00083192        131870.09       142724       126266          
9100      0.00084493        132423.17       140614       127706          
9200      0.00083513        134707.38       146996       128571          
9300      0.00085112        135775.38       145119       130556          
9400      0.00094264        137795.04       147599       131309          
9500      0.00091983        138780.19       147028       134268          
9600      0.00087416        141875.28       149664       136293          
9700      0.00088626        142597.07       149871       136858          
9800      0.00090568        144324.34       156077       138071          
9900      0.00091051        145864.69       155261       139886          
10000     0.00090267        147873.27       157429       142403          
10100     0.00091987        149226.99       162833       142847          
10200     0.00095460        150018.87       159338       144916          
10300     0.00095702        152471.03       162417       146605          
10400     0.00095556        154061.55       166317       148535          
10500     0.00097820        155844.63       166888       150403          
10600     0.00101207        157579.66       170678       150038          
10700     0.00101079        159133.62       170650       152377          
10800     0.00102023        160976.00       175622       154015          
10900     0.00104562        162906.26       176458       155497          
11000     0.00104330        163656.01       175407       157958          
11100     0.00106203        165665.89       176373       159473          
11200     0.00104730        167089.89       179478       160560          
11300     0.00105697        168706.87       183180       161874          
11400     0.00106088        171004.62       183837       164187          
11500     0.00108666        172478.50       185002       165781          
11600     0.00108683        174182.34       188693       166180          
11700     0.00113553        175562.82       189600       169475          
11800     0.00109812        177981.22       195789       169862          
11900     0.00109360        178758.16       191121       172089          
12000     0.00113724        181042.53       192850       173602          
12100     0.00113781        182620.24       194524       175693          
12200     0.00116735        183518.79       196005       177460          
12300     0.00116214        186026.47       199598       179654          
12400     0.00117892        187341.97       202033       181117          
12500     0.00116537        188696.58       200843       180630          
12600     0.00123066        191320.62       202760       183331          
12700     0.00122832        192861.55       210276       184400          
12800     0.00123711        193767.06       209244       186445          
12900     0.00124385        195743.64       210813       187496          
13000     0.00130336        197683.94       218121       188866          
13100     0.00122257        199080.29       212786       191227          
13200     0.00124647        200914.76       215867       194450          
13300     0.00127662        202709.03       217428       194260          
13400     0.00125958        204302.42       217459       196649          
13500     0.00127310        206424.98       223856       199070          
13600     0.00134137        207884.70       219993       199525          
13700     0.00131613        209193.54       228404       200954          
13800     0.00137889        210854.21       229117       202702          
13900     0.00131135        212557.06       232861       203361          
14000     0.00131720        214524.58       228625       205624          
14100     0.00131287        215129.48       225990       207445          
14200     0.00149938        217903.00       232323       208250          
14300     0.00138399        220473.16       236740       212741          
14400     0.00137141        221006.95       234939       212279          
14500     0.00137853        223194.57       246528       215543          
14600     0.00140215        225524.58       246742       216232          
14700     0.00148482        225794.86       240148       217591          
14800     0.00143650        228520.48       244710       218840          
14900     0.00142137        230759.37       247715       219692          
15000     0.00147777        232354.57       252634       221771          
15100     0.00148191        233682.28       248624       224535          
15200     0.00148353        235249.20       251052       226390          
15300     0.00149573        237035.33       255414       228005          
15400     0.00148799        238337.96       255256       228676          
15500     0.00149521        240232.80       259637       232434          
15600     0.00150074        242480.06       255710       231988          
15700     0.00153057        243612.45       264510       234177          
15800     0.00154118        245067.36       258407       237154          
15900     0.00154007        247214.34       260921       238539          
16000     0.00153111        248942.67       264441       239403          
16100     0.00154176        250448.80       267372       241272          
16200     0.00157705        251992.15       274636       242889          
16300     0.00158383        254052.49       270263       243202          
16400     0.00159058        255700.66       279892       244747          
16500     0.00156868        257907.01       272051       248546          
16600     0.00160769        260646.95       285513       248434          
16700     0.00174785        261304.22       276754       252925          
16800     0.00163728        262527.07       278750       252467          
16900     0.00163515        263629.92       283061       254992          
17000     0.00165158        265749.98       288989       255828          
17100     0.00171340        267763.49       292589       256684          
17200     0.00165974        269298.02       289105       259684          
17300     0.00165866        272060.94       295444       260964          
17400     0.00166723        274117.08       307012       261650          
17500     0.00170857        275871.17       291898       266446          
17600     0.00170918        276456.12       291974       264936          
17700     0.00173322        279754.17       310330       268070          
17800     0.00172403        280262.47       297477       271230          
17900     0.00174109        282287.61       303251       271941          
18000     0.00176172        284357.83       303161       273346          
18100     0.00176903        284756.42       310193       273868          
18200     0.00176167        287884.79       314983       276390          
18300     0.00179732        288970.02       308270       276600          
18400     0.00179554        290534.64       314727       279352          
18500     0.00181533        292871.55       323426       279861          
18600     0.00182438        294623.94       323286       283343          
18700     0.00185567        296356.70       312382       283611          
18800     0.00186313        298112.01       314970       288357          
18900     0.00188408        300096.18       323567       288128          
19000     0.00193063        301080.11       327393       290004          
19100     0.00196801        302865.87       321812       290279          
19200     0.00191134        304030.11       332329       293577          
19300     0.00189742        306785.88       325252       294412          
19400     0.00189496        308726.31       328810       297272          
19500     0.00191667        309936.55       334704       296563          
19600     0.00194335        310477.23       324880       300409          
19700     0.00192524        313717.83       331155       302465          
19800     0.00195941        315518.66       331594       304025          
19900     0.00197317        316964.31       342604       306551          
20000     0.00203442        318116.69       340250       306401          
20100     0.00207195        321231.78       349159       307190          
20200     0.00204353        321711.56       348192       307018          
20300     0.00203575        324865.51       346967       312075          
20400     0.00206003        325276.89       345558       313080          
20500     0.00209617        327035.66       347932       316271          
20600     0.00202027        328801.19       352492       317959          
20700     0.00207847        332295.31       356420       319963          
20800     0.00213472        332896.16       353959       321707          
20900     0.00212516        334855.93       367522       321378          
21000     0.00208766        336575.06       364026       325130          
21100     0.00208433        338299.72       369860       325497          
21200     0.00213772        339379.76       358627       328929          
21300     0.00219226        341123.53       365633       329423          
21400     0.00219777        343313.67       373469       330145          
21500     0.00228489        344829.08       371696       333973          
21600     0.00222840        346729.28       365082       334495          
21700     0.00212802        349493.60       388801       334500          
21800     0.00221098        351947.78       375583       339056          
21900     0.00215997        352444.47       376403       338172          
22000     0.00217581        354804.06       378023       342502          
22100     0.00219702        355930.03       374241       343145          
22200     0.00221383        357221.14       393567       344986          
22300     0.00219157        360508.36       385185       346355          
22400     0.00231611        361233.00       389160       348178          
22500     0.00232943        363438.58       387862       349349          
22600     0.00232574        364675.28       401337       349159          
22700     0.00224744        366476.56       397151       353735          
22800     0.00230572        367805.33       392305       355727          
22900     0.00226121        371152.17       404387       355432          
23000     0.00226898        372766.08       400331       360315          
23100     0.00234065        374223.10       398815       362175          
23200     0.00236583        375822.17       404480       363685          
23300     0.00235935        376516.76       402008       364672          
23400     0.00240171        378753.02       403257       367626          
23500     0.00239749        380181.86       407698       368065          
23600     0.00240757        383510.96       418744       369582          
23700     0.00242795        384445.12       408445       366833          
23800     0.00246387        386079.48       416780       371832          
23900     0.00250789        387402.74       417607       375884          
24000     0.00248878        390672.83       413607       377369          
24100     0.00244867        391844.03       416315       378857          
24200     0.00247935        393036.31       425853       378824          
24300     0.00249656        395179.79       420102       380755          
24400     0.00248532        396615.22       436170       381447          
24500     0.00252683        399122.47       426449       385028          
24600     0.00252763        400717.81       422261       385893          
24700     0.00255917        401935.08       432269       387009          
24800     0.00250928        404264.53       433423       389264          
24900     0.00256411        406182.76       439009       390744          
25000     0.00258027        408857.29       436659       390281          
25100     0.00259478        410518.28       429922       394328          
25200     0.00250617        411020.30       441790       392788          
25300     0.00254755        412740.81       441214       398188          
25400     0.00253058        415516.57       439248       399869          
25500     0.00257717        416850.87       440904       402062          
25600     0.00262160        419264.88       456487       403061          
25700     0.00258920        419058.29       444321       405408          
25800     0.00257540        422679.58       454840       408746          
25900     0.00267144        425104.54       458328       407018          
26000     0.00264405        424163.91       452030       411562          
26100     0.00268079        426920.68       460409       413061          
26200     0.00271371        430789.10       473299       413386          
26300     0.00267459        430763.78       461203       414183          
26400     0.00269777        432294.26       455561       419329          
26500     0.00267566        433360.41       454656       419455          
26600     0.00275323        437920.42       464543       420136          
26700     0.00289900        439812.51       485269       422175          
26800     0.00276338        441788.14       481317       425788          
26900     0.00290614        443251.38       492325       424529          
27000     0.00291943        444240.46       483668       428623          
27100     0.00287448        446435.72       479266       428828          
27200     0.00295088        446367.58       468765       432076          
27300     0.00289699        449648.66       477977       434932          
27400     0.00285102        453587.30       489194       436716          
27500     0.00285764        452750.06       484662       436632          
27600     0.00286883        455308.28       502016       439981          
27700     0.00285183        457120.15       493785       441319          
27800     0.00283583        459095.88       491377       443656          
27900     0.00296705        460579.08       502369       443247          
28000     0.00345585        462402.92       512018       442656          
28100     0.00308552        464580.29       511686       448884          
28200     0.00287424        466486.42       500052       448674          
28300     0.00317742        468414.93       502374       452396          
28400     0.00303647        468837.52       501356       453273          
28500     0.00310212        470808.18       494379       455319          
28600     0.00311663        474233.22       514672       455501          
28700     0.00306890        475298.53       505253       458450          
28800     0.00303876        476859.80       511954       456964          
28900     0.00309599        479412.19       509060       460735          
29000     0.00316944        481070.04       512688       466560          
29100     0.00303639        484821.96       542519       465458          
29200     0.00306623        483516.25       517376       465363          
29300     0.00310706        484471.12       519410       467910          
29400     0.00306881        489376.13       532451       470054          
29500     0.00315201        490331.05       537131       470003          
29600     0.00310059        491476.17       533490       471497          
29700     0.00312801        492819.12       525014       473799          
29800     0.00315283        495777.97       534148       474856          
29900     0.00332057        497822.76       552491       479684          
30000     0.00315765        499080.80       537330       478428          
