N         Time(s)           OB_avg          OB_max       OB_min
100       0.00002089        4950.00         4950         4950            
110       0.00002747        5995.00         5995         5995            
120       0.00002914        7140.00         7140         7140            
130       0.00003212        8385.00         8385         8385            
140       0.00002798        9730.00         9730         9730            
150       0.00003071        11175.00        11175        11175           
160       0.00003209        12720.00        12720        12720           
170       0.00003498        14365.00        14365        14365           
180       0.00004057        16110.00        16110        16110           
190       0.00004393        17955.00        17955        17955           
200       0.00004869        19900.00        19900        19900           
210       0.00005384        21945.00        21945        21945           
220       0.00005827        24090.00        24090        24090           
230       0.00006324        26335.00        26335        26335           
240       0.00007009        28680.00        28680        28680           
250       0.00007852        31125.00        31125        31125           
260       0.00008240        33670.00        33670        33670           
270       0.00008702        36315.00        36315        36315           
280       0.00009722        39060.00        39060        39060           
290       0.00011396        41905.00        41905        41905           
300       0.00010495        44850.00        44850        44850           
310       0.00011206        47895.00        47895        47895           
320       0.00011919        51040.00        51040        51040           
330       0.00012710        54285.00        54285        54285           
340       0.00013670        57630.00        57630        57630           
350       0.00014290        61075.00        61075        61075           
360       0.00015009        64620.00        64620        64620           
370       0.00016076        68265.00        68265        68265           
380       0.00016754        72010.00        72010        72010           
390       0.00017586        75855.00        75855        75855           
400       0.00020412        79800.00        79800        79800           
410       0.00019369        83845.00        83845        83845           
420       0.00020397        87990.00        87990        87990           
430       0.00021186        92235.00        92235        92235           
440       0.00022259        96580.00        96580        96580           
450       0.00023346        101025.00       101025       101025          
460       0.00024421        105570.00       105570       105570          
470       0.00025511        110215.00       110215       110215          
480       0.00026555        114960.00       114960       114960          
490       0.00027333        119805.00       119805       119805          
500       0.00028787        124750.00       124750       124750          
510       0.00030031        129795.00       129795       129795          
520       0.00031327        134940.00       134940       134940          
530       0.00032511        140185.00       140185       140185          
540       0.00033330        145530.00       145530       145530          
550       0.00035909        150975.00       150975       150975          
560       0.00039429        156520.00       156520       156520          
570       0.00037578        162165.00       162165       162165          
580       0.00038476        167910.00       167910       167910          
590       0.00039793        173755.00       173755       173755          
600       0.00041153        179700.00       179700       179700          
610       0.00042320        185745.00       185745       185745          
620       0.00043910        191890.00       191890       191890          
630       0.00045664        198135.00       198135       198135          
640       0.00046669        204480.00       204480       204480          
650       0.00047708        210925.00       210925       210925          
660       0.00049285        217470.00       217470       217470          
670       0.00051039        224115.00       224115       224115          
680       0.00054625        230860.00       230860       230860          
690       0.00054193        237705.00       237705       237705          
700       0.00055388        244650.00       244650       244650          
710       0.00057551        251695.00       251695       251695          
720       0.00064577        258840.00       258840       258840          
730       0.00060431        266085.00       266085       266085          
740       0.00061837        273430.00       273430       273430          
750       0.00063547        280875.00       280875       280875          
760       0.00067978        288420.00       288420       288420          
770       0.00067935        296065.00       296065       296065          
780       0.00069037        303810.00       303810       303810          
790       0.00070737        311655.00       311655       311655          
800       0.00071946        319600.00       319600       319600          
810       0.00074365        327645.00       327645       327645          
820       0.00076216        335790.00       335790       335790          
830       0.00080277        344035.00       344035       344035          
840       0.00081973        352380.00       352380       352380          
850       0.00082170        360825.00       360825       360825          
860       0.00084015        369370.00       369370       369370          
870       0.00085982        378015.00       378015       378015          
880       0.00087727        386760.00       386760       386760          
890       0.00088806        395605.00       395605       395605          
900       0.00100638        404550.00       404550       404550          
910       0.00093398        413595.00       413595       413595          
920       0.00094951        422740.00       422740       422740          
930       0.00098214        431985.00       431985       431985          
940       0.00097411        441330.00       441330       441330          
950       0.00100862        450775.00       450775       450775          
960       0.00102794        460320.00       460320       460320          
970       0.00105903        469965.00       469965       469965          
980       0.00107269        479710.00       479710       479710          
990       0.00110731        489555.00       489555       489555          
1000      0.00116179        499500.00       499500       499500          
1010      0.00114356        509545.00       509545       509545          
1020      0.00115730        519690.00       519690       519690          
1030      0.00119272        529935.00       529935       529935          
1040      0.00120689        540280.00       540280       540280          
1050      0.00123847        550725.00       550725       550725          
1060      0.00126192        561270.00       561270       561270          
1070      0.00128649        571915.00       571915       571915          
1080      0.00134459        582660.00       582660       582660          
1090      0.00134897        593505.00       593505       593505          
1100      0.00137264        604450.00       604450       604450          
1110      0.00139714        615495.00       615495       615495          
1120      0.00156144        626640.00       626640       626640          
1130      0.00143010        637885.00       637885       637885          
1140      0.00146317        649230.00       649230       649230          
1150      0.00150461        660675.00       660675       660675          
1160      0.00152677        672220.00       672220       672220          
1170      0.00155107        683865.00       683865       683865          
1180      0.00155765        695610.00       695610       695610          
1190      0.00158494        707455.00       707455       707455          
1200      0.00161630        719400.00       719400       719400          
1210      0.00164363        731445.00       731445       731445          
1220      0.00170487        743590.00       743590       743590          
1230      0.00171849        755835.00       755835       755835          
1240      0.00172636        768180.00       768180       768180          
1250      0.00175486        780625.00       780625       780625          
1260      0.00186348        793170.00       793170       793170          
1270      0.00181750        805815.00       805815       805815          
1280      0.00188378        818560.00       818560       818560          
1290      0.00188091        831405.00       831405       831405          
1300      0.00188727        844350.00       844350       844350          
1310      0.00190809        857395.00       857395       857395          
1320      0.00194510        870540.00       870540       870540          
1330      0.00227349        883785.00       883785       883785          
1340      0.00199019        897130.00       897130       897130          
1350      0.00207341        910575.00       910575       910575          
1360      0.00208261        924120.00       924120       924120          
1370      0.00210355        937765.00       937765       937765          
1380      0.00219264        951510.00       951510       951510          
1390      0.00217241        965355.00       965355       965355          
1400      0.00219430        979300.00       979300       979300          
1410      0.00222293        993345.00       993345       993345          
1420      0.00226211        1007490.00      1007490      1007490         
1430      0.00237055        1021735.00      1021735      1021735         
1440      0.00232913        1036080.00      1036080      1036080         
1450      0.00236273        1050525.00      1050525      1050525         
1460      0.00239771        1065070.00      1065070      1065070         
1470      0.00249401        1079715.00      1079715      1079715         
1480      0.00245124        1094460.00      1094460      1094460         
1490      0.00245904        1109305.00      1109305      1109305         
1500      0.00254355        1124250.00      1124250      1124250         
1510      0.00264218        1139295.00      1139295      1139295         
1520      0.00259129        1154440.00      1154440      1154440         
1530      0.00261379        1169685.00      1169685      1169685         
1540      0.00265779        1185030.00      1185030      1185030         
1550      0.00274414        1200475.00      1200475      1200475         
1560      0.00273985        1216020.00      1216020      1216020         
1570      0.00276296        1231665.00      1231665      1231665         
1580      0.00281779        1247410.00      1247410      1247410         
1590      0.00287899        1263255.00      1263255      1263255         
1600      0.00287621        1279200.00      1279200      1279200         
1610      0.00291588        1295245.00      1295245      1295245         
1620      0.00297298        1311390.00      1311390      1311390         
1630      0.00303666        1327635.00      1327635      1327635         
1640      0.00302580        1343980.00      1343980      1343980         
1650      0.00309717        1360425.00      1360425      1360425         
1660      0.00319582        1376970.00      1376970      1376970         
1670      0.00313061        1393615.00      1393615      1393615         
1680      0.00319608        1410360.00      1410360      1410360         
1690      0.00324254        1427205.00      1427205      1427205         
1700      0.00326551        1444150.00      1444150      1444150         
1710      0.00330278        1461195.00      1461195      1461195         
1720      0.00332348        1478340.00      1478340      1478340         
1730      0.00340793        1495585.00      1495585      1495585         
1740      0.00347062        1512930.00      1512930      1512930         
1750      0.00352541        1530375.00      1530375      1530375         
1760      0.00359122        1547920.00      1547920      1547920         
1770      0.00355736        1565565.00      1565565      1565565         
1780      0.00357247        1583310.00      1583310      1583310         
1790      0.00365406        1601155.00      1601155      1601155         
1800      0.00367758        1619100.00      1619100      1619100         
1810      0.00371225        1637145.00      1637145      1637145         
1820      0.00380331        1655290.00      1655290      1655290         
1830      0.00376402        1673535.00      1673535      1673535         
1840      0.00392423        1691880.00      1691880      1691880         
1850      0.00389200        1710325.00      1710325      1710325         
1860      0.00389094        1728870.00      1728870      1728870         
1870      0.00401749        1747515.00      1747515      1747515         
1880      0.00402048        1766260.00      1766260      1766260         
1890      0.00404495        1785105.00      1785105      1785105         
1900      0.00408113        1804050.00      1804050      1804050         
1910      0.00406548        1823095.00      1823095      1823095         
1920      0.00415813        1842240.00      1842240      1842240         
1930      0.00415859        1861485.00      1861485      1861485         
1940      0.00420373        1880830.00      1880830      1880830         
1950      0.00432238        1900275.00      1900275      1900275         
1960      0.00430509        1919820.00      1919820      1919820         
1970      0.00441568        1939465.00      1939465      1939465         
1980      0.00441553        1959210.00      1959210      1959210         
1990      0.00448119        1979055.00      1979055      1979055         
2000      0.00460162        1999000.00      1999000      1999000         
2010      0.00456894        2019045.00      2019045      2019045         
2020      0.00464692        2039190.00      2039190      2039190         
2030      0.00467064        2059435.00      2059435      2059435         
2040      0.00474489        2079780.00      2079780      2079780         
2050      0.00473578        2100225.00      2100225      2100225         
2060      0.00490130        2120770.00      2120770      2120770         
2070      0.00480899        2141415.00      2141415      2141415         
2080      0.00485150        2162160.00      2162160      2162160         
2090      0.00489507        2183005.00      2183005      2183005         
2100      0.00498862        2203950.00      2203950      2203950         
2110      0.00506333        2224995.00      2224995      2224995         
2120      0.00507056        2246140.00      2246140      2246140         
2130      0.00509558        2267385.00      2267385      2267385         
2140      0.00515346        2288730.00      2288730      2288730         
2150      0.00526110        2310175.00      2310175      2310175         
2160      0.00525958        2331720.00      2331720      2331720         
2170      0.00532755        2353365.00      2353365      2353365         
2180      0.00532014        2375110.00      2375110      2375110         
2190      0.00548678        2396955.00      2396955      2396955         
2200      0.00542482        2418900.00      2418900      2418900         
2210      0.00555242        2440945.00      2440945      2440945         
2220      0.00555202        2463090.00      2463090      2463090         
2230      0.00563382        2485335.00      2485335      2485335         
2240      0.00574348        2507680.00      2507680      2507680         
2250      0.00565937        2530125.00      2530125      2530125         
2260      0.00577100        2552670.00      2552670      2552670         
2270      0.00579229        2575315.00      2575315      2575315         
2280      0.00593576        2598060.00      2598060      2598060         
2290      0.00591448        2620905.00      2620905      2620905         
2300      0.00609713        2643850.00      2643850      2643850         
2310      0.00607181        2666895.00      2666895      2666895         
2320      0.00613548        2690040.00      2690040      2690040         
2330      0.00620379        2713285.00      2713285      2713285         
2340      0.00629787        2736630.00      2736630      2736630         
2350      0.00626882        2760075.00      2760075      2760075         
2360      0.00632552        2783620.00      2783620      2783620         
2370      0.00640535        2807265.00      2807265      2807265         
2380      0.00651040        2831010.00      2831010      2831010         
2390      0.00646832        2854855.00      2854855      2854855         
2400      0.00655696        2878800.00      2878800      2878800         
2410      0.00659143        2902845.00      2902845      2902845         
2420      0.00668982        2926990.00      2926990      2926990         
2430      0.00673650        2951235.00      2951235      2951235         
2440      0.00675137        2975580.00      2975580      2975580         
2450      0.00682531        3000025.00      3000025      3000025         
2460      0.00697303        3024570.00      3024570      3024570         
2470      0.00688559        3049215.00      3049215      3049215         
2480      0.00698051        3073960.00      3073960      3073960         
2490      0.00705392        3098805.00      3098805      3098805         
2500      0.00705836        3123750.00      3123750      3123750         
2510      0.00720376        3148795.00      3148795      3148795         
2520      0.00722424        3173940.00      3173940      3173940         
2530      0.00724715        3199185.00      3199185      3199185         
2540      0.00729669        3224530.00      3224530      3224530         
2550      0.00745070        3249975.00      3249975      3249975         
2560      0.00738980        3275520.00      3275520      3275520         
2570      0.00751993        3301165.00      3301165      3301165         
2580      0.00763247        3326910.00      3326910      3326910         
2590      0.00760809        3352755.00      3352755      3352755         
2600      0.00765749        3378700.00      3378700      3378700         
2610      0.00773301        3404745.00      3404745      3404745         
2620      0.00784046        3430890.00      3430890      3430890         
2630      0.00776456        3457135.00      3457135      3457135         
2640      0.00800252        3483480.00      3483480      3483480         
2650      0.00800270        3509925.00      3509925      3509925         
2660      0.00808045        3536470.00      3536470      3536470         
2670      0.00806550        3563115.00      3563115      3563115         
2680      0.00824268        3589860.00      3589860      3589860         
2690      0.00823967        3616705.00      3616705      3616705         
2700      0.00834980        3643650.00      3643650      3643650         
2710      0.00829828        3670695.00      3670695      3670695         
2720      0.00835492        3697840.00      3697840      3697840         
2730      0.00845496        3725085.00      3725085      3725085         
2740      0.00862324        3752430.00      3752430      3752430         
2750      0.00850475        3779875.00      3779875      3779875         
2760      0.00857035        3807420.00      3807420      3807420         
2770      0.00864373        3835065.00      3835065      3835065         
2780      0.00872255        3862810.00      3862810      3862810         
2790      0.00880383        3890655.00      3890655      3890655         
2800      0.00884007        3918600.00      3918600      3918600         
2810      0.00887434        3946645.00      3946645      3946645         
2820      0.00902007        3974790.00      3974790      3974790         
2830      0.00910583        4003035.00      4003035      4003035         
2840      0.00917992        4031380.00      4031380      4031380         
2850      0.00908567        4059825.00      4059825      4059825         
2860      0.00921094        4088370.00      4088370      4088370         
2870      0.00925926        4117015.00      4117015      4117015         
2880      0.00937339        4145760.00      4145760      4145760         
2890      0.00951897        4174605.00      4174605      4174605         
2900      0.00946686        4203550.00      4203550      4203550         
2910      0.00956183        4232595.00      4232595      4232595         
2920      0.00969626        4261740.00      4261740      4261740         
2930      0.00967345        4290985.00      4290985      4290985         
2940      0.00985696        4320330.00      4320330      4320330         
2950      0.00989319        4349775.00      4349775      4349775         
2960      0.00989686        4379320.00      4379320      4379320         
2970      0.00987255        4408965.00      4408965      4408965         
2980      0.01004328        4438710.00      4438710      4438710         
2990      0.01003709        4468555.00      4468555      4468555         
3000      0.01016512        4498500.00      4498500      4498500         
3010      0.01028731        4528545.00      4528545      4528545         
3020      0.01011120        4558690.00      4558690      4558690         
3030      0.01017130        4588935.00      4588935      4588935         
3040      0.01021435        4619280.00      4619280      4619280         
3050      0.01040279        4649725.00      4649725      4649725         
3060      0.01048767        4680270.00      4680270      4680270         
3070      0.01051033        4710915.00      4710915      4710915         
3080      0.01093926        4741660.00      4741660      4741660         
3090      0.01084929        4772505.00      4772505      4772505         
3100      0.01154390        4803450.00      4803450      4803450         
3110      0.01111152        4834495.00      4834495      4834495         
3120      0.01109268        4865640.00      4865640      4865640         
3130      0.01163903        4896885.00      4896885      4896885         
3140      0.01113926        4928230.00      4928230      4928230         
3150      0.01120655        4959675.00      4959675      4959675         
3160      0.01237496        4991220.00      4991220      4991220         
3170      0.01170662        5022865.00      5022865      5022865         
3180      0.01188005        5054610.00      5054610      5054610         
3190      0.01407096        5086455.00      5086455      5086455         
3200      0.01235624        5118400.00      5118400      5118400         
3210      0.01205418        5150445.00      5150445      5150445         
3220      0.01223368        5182590.00      5182590      5182590         
3230      0.01288124        5214835.00      5214835      5214835         
3240      0.01340540        5247180.00      5247180      5247180         
3250      0.01248527        5279625.00      5279625      5279625         
3260      0.01243575        5312170.00      5312170      5312170         
3270      0.01237857        5344815.00      5344815      5344815         
3280      0.01242598        5377560.00      5377560      5377560         
3290      0.01244987        5410405.00      5410405      5410405         
3300      0.01260891        5443350.00      5443350      5443350         
3310      0.01260336        5476395.00      5476395      5476395         
3320      0.01278720        5509540.00      5509540      5509540         
3330      0.01272396        5542785.00      5542785      5542785         
3340      0.01291409        5576130.00      5576130      5576130         
3350      0.01288813        5609575.00      5609575      5609575         
3360      0.01298292        5643120.00      5643120      5643120         
3370      0.01299841        5676765.00      5676765      5676765         
3380      0.01307025        5710510.00      5710510      5710510         
3390      0.01317921        5744355.00      5744355      5744355         
3400      0.01315644        5778300.00      5778300      5778300         
3410      0.01324535        5812345.00      5812345      5812345         
3420      0.01364891        5846490.00      5846490      5846490         
3430      0.01339496        5880735.00      5880735      5880735         
3440      0.01349550        5915080.00      5915080      5915080         
3450      0.01365895        5949525.00      5949525      5949525         
3460      0.01386607        5984070.00      5984070      5984070         
3470      0.01374463        6018715.00      6018715      6018715         
3480      0.01393340        6053460.00      6053460      6053460         
3490      0.01401436        6088305.00      6088305      6088305         
3500      0.01413793        6123250.00      6123250      6123250         
3510      0.01423708        6158295.00      6158295      6158295         
3520      0.01432638        6193440.00      6193440      6193440         
3530      0.01438907        6228685.00      6228685      6228685         
3540      0.01454449        6264030.00      6264030      6264030         
3550      0.01432073        6299475.00      6299475      6299475         
3560      0.01466531        6335020.00      6335020      6335020         
3570      0.01463510        6370665.00      6370665      6370665         
3580      0.01476975        6406410.00      6406410      6406410         
3590      0.01488395        6442255.00      6442255      6442255         
3600      0.01481589        6478200.00      6478200      6478200         
3610      0.01507601        6514245.00      6514245      6514245         
3620      0.01506279        6550390.00      6550390      6550390         
3630      0.01522991        6586635.00      6586635      6586635         
3640      0.01533509        6622980.00      6622980      6622980         
3650      0.01553041        6659425.00      6659425      6659425         
3660      0.01556208        6695970.00      6695970      6695970         
3670      0.01541842        6732615.00      6732615      6732615         
3680      0.01565451        6769360.00      6769360      6769360         
3690      0.01572777        6806205.00      6806205      6806205         
3700      0.01579077        6843150.00      6843150      6843150         
3710      0.01582198        6880195.00      6880195      6880195         
3720      0.01605356        6917340.00      6917340      6917340         
3730      0.01630966        6954585.00      6954585      6954585         
3740      0.01618127        6991930.00      6991930      6991930         
3750      0.01627487        7029375.00      7029375      7029375         
3760      0.01629274        7066920.00      7066920      7066920         
3770      0.01613803        7104565.00      7104565      7104565         
3780      0.01645286        7142310.00      7142310      7142310         
3790      0.01663945        7180155.00      7180155      7180155         
3800      0.01672342        7218100.00      7218100      7218100         
3810      0.01694702        7256145.00      7256145      7256145         
3820      0.01693190        7294290.00      7294290      7294290         
3830      0.01689324        7332535.00      7332535      7332535         
3840      0.01728073        7370880.00      7370880      7370880         
3850      0.01688793        7409325.00      7409325      7409325         
3860      0.01701242        7447870.00      7447870      7447870         
3870      0.01721167        7486515.00      7486515      7486515         
3880      0.01746292        7525260.00      7525260      7525260         
3890      0.01784021        7564105.00      7564105      7564105         
3900      0.01992413        7603050.00      7603050      7603050         
3910      0.02117395        7642095.00      7642095      7642095         
3920      0.02006640        7681240.00      7681240      7681240         
3930      0.02176424        7720485.00      7720485      7720485         
3940      0.02223667        7759830.00      7759830      7759830         
3950      0.02044934        7799275.00      7799275      7799275         
3960      0.02403190        7838820.00      7838820      7838820         
3970      0.02057029        7878465.00      7878465      7878465         
3980      0.02178957        7918210.00      7918210      7918210         
3990      0.01983653        7958055.00      7958055      7958055         
4000      0.02069978        7998000.00      7998000      7998000         
4010      0.02111782        8038045.00      8038045      8038045         
4020      0.02065265        8078190.00      8078190      8078190         
4030      0.01981221        8118435.00      8118435      8118435         
4040      0.01976643        8158780.00      8158780      8158780         
4050      0.02089618        8199225.00      8199225      8199225         
4060      0.02045066        8239770.00      8239770      8239770         
4070      0.02016553        8280415.00      8280415      8280415         
4080      0.02002874        8321160.00      8321160      8321160         
4090      0.02124166        8362005.00      8362005      8362005         
4100      0.02069146        8402950.00      8402950      8402950         
4110      0.02049523        8443995.00      8443995      8443995         
4120      0.02206600        8485140.00      8485140      8485140         
4130      0.02075288        8526385.00      8526385      8526385         
4140      0.02135302        8567730.00      8567730      8567730         
4150      0.02097848        8609175.00      8609175      8609175         
4160      0.02148483        8650720.00      8650720      8650720         
4170      0.02145738        8692365.00      8692365      8692365         
4180      0.02051448        8734110.00      8734110      8734110         
4190      0.02151186        8775955.00      8775955      8775955         
4200      0.02146329        8817900.00      8817900      8817900         
4210      0.02335066        8859945.00      8859945      8859945         
4220      0.02238471        8902090.00      8902090      8902090         
4230      0.02268847        8944335.00      8944335      8944335         
4240      0.02219862        8986680.00      8986680      8986680         
4250      0.02297076        9029125.00      9029125      9029125         
4260      0.02251886        9071670.00      9071670      9071670         
4270      0.02429680        9114315.00      9114315      9114315         
4280      0.02347728        9157060.00      9157060      9157060         
4290      0.02363176        9199905.00      9199905      9199905         
4300      0.02486162        9242850.00      9242850      9242850         
4310      0.02370847        9285895.00      9285895      9285895         
4320      0.02550224        9329040.00      9329040      9329040         
4330      0.02465730        9372285.00      9372285      9372285         
4340      0.02475419        9415630.00      9415630      9415630         
4350      0.02462907        9459075.00      9459075      9459075         
4360      0.02523171        9502620.00      9502620      9502620         
4370      0.02547699        9546265.00      9546265      9546265         
4380      0.02755468        9590010.00      9590010      9590010         
4390      0.02622596        9633855.00      9633855      9633855         
4400      0.02735739        9677800.00      9677800      9677800         
4410      0.02666842        9721845.00      9721845      9721845         
4420      0.02471133        9765990.00      9765990      9765990         
4430      0.02495304        9810235.00      9810235      9810235         
4440      0.02433810        9854580.00      9854580      9854580         
4450      0.02370794        9899025.00      9899025      9899025         
4460      0.02358831        9943570.00      9943570      9943570         
4470      0.02353261        9988215.00      9988215      9988215         
4480      0.02368467        10032960.00     10032960     10032960        
4490      0.02377517        10077805.00     10077805     10077805        
4500      0.02425815        10122750.00     10122750     10122750        
4510      0.02428716        10167795.00     10167795     10167795        
4520      0.02415931        10212940.00     10212940     10212940        
4530      0.02420644        10258185.00     10258185     10258185        
4540      0.02408650        10303530.00     10303530     10303530        
4550      0.02410330        10348975.00     10348975     10348975        
4560      0.02430072        10394520.00     10394520     10394520        
4570      0.02419052        10440165.00     10440165     10440165        
4580      0.02438903        10485910.00     10485910     10485910        
4590      0.02454790        10531755.00     10531755     10531755        
4600      0.02463021        10577700.00     10577700     10577700        
4610      0.02484464        10623745.00     10623745     10623745        
4620      0.02485102        10669890.00     10669890     10669890        
4630      0.02480707        10716135.00     10716135     10716135        
4640      0.02514390        10762480.00     10762480     10762480        
4650      0.02651746        10808925.00     10808925     10808925        
4660      0.02565901        10855470.00     10855470     10855470        
4670      0.02561165        10902115.00     10902115     10902115        
4680      0.02579363        10948860.00     10948860     10948860        
4690      0.02604266        10995705.00     10995705     10995705        
4700      0.02712452        11042650.00     11042650     11042650        
4710      0.02617689        11089695.00     11089695     11089695        
4720      0.02639622        11136840.00     11136840     11136840        
4730      0.02656387        11184085.00     11184085     11184085        
4740      0.02669445        11231430.00     11231430     11231430        
4750      0.02661837        11278875.00     11278875     11278875        
4760      0.02685071        11326420.00     11326420     11326420        
4770      0.02679798        11374065.00     11374065     11374065        
4780      0.02697052        11421810.00     11421810     11421810        
4790      0.02719913        11469655.00     11469655     11469655        
4800      0.02723389        11517600.00     11517600     11517600        
4810      0.02725780        11565645.00     11565645     11565645        
4820      0.02754596        11613790.00     11613790     11613790        
4830      0.02745746        11662035.00     11662035     11662035        
4840      0.02793063        11710380.00     11710380     11710380        
4850      0.02814583        11758825.00     11758825     11758825        
4860      0.02793277        11807370.00     11807370     11807370        
4870      0.02854514        11856015.00     11856015     11856015        
4880      0.02931122        11904760.00     11904760     11904760        
4890      0.02827087        11953605.00     11953605     11953605        
4900      0.02853554        12002550.00     12002550     12002550        
4910      0.02829492        12051595.00     12051595     12051595        
4920      0.02856059        12100740.00     12100740     12100740        
4930      0.02830646        12149985.00     12149985     12149985        
4940      0.02867915        12199330.00     12199330     12199330        
4950      0.02902733        12248775.00     12248775     12248775        
4960      0.02865805        12298320.00     12298320     12298320        
4970      0.02878424        12347965.00     12347965     12347965        
4980      0.02885822        12397710.00     12397710     12397710        
4990      0.02900233        12447555.00     12447555     12447555        
5000      0.02888998        12497500.00     12497500     12497500        
