

*******************************************************************************
Mon Oct 20 00:36:25 2025


FIT:    data read from 'exercise5_insert.log' using 1:2
        format = x:z
        #datapoints = 100
        residuals are weighted equally (unit weight)

function used for fitting: f(x)
	f(x) = a*x**2 + b*x + c
fitted parameters initialized with current variable values

iter      chisq       delta/lim  lambda   a             b             c            
   0 1.9650841692e+13   0.00e+00  2.56e+05    1.000000e+00   1.000000e+00   1.000000e+00
   9 2.2296799143e-08  -6.76e-01  2.56e-04    6.222932e-10  -1.020775e-08   1.053638e-05

After 9 iterations the fit converged.
final sum of squares of residuals : 2.22968e-08
rel. change during last iteration : -6.75756e-06

degrees of freedom    (FIT_NDF)                        : 97
rms of residuals      (FIT_STDFIT) = sqrt(WSSR/ndf)    : 1.51613e-05
variance of residuals (reduced chisquare) = WSSR/ndf   : 2.29864e-10

Final set of parameters            Asymptotic Standard Error
=======================            ==========================
a               = 6.22293e-10      +/- 2.035e-11    (3.27%)
b               = -1.02077e-08     +/- 2.086e-08    (204.3%)
c               = 1.05364e-05      +/- 4.477e-06    (42.49%)

correlation matrix of the fit parameters:
                a      b      c      
a               1.000 
b              -0.968  1.000 
c               0.739 -0.862  1.000 


*******************************************************************************
Mon Oct 20 00:37:03 2025


FIT:    data read from 'exercise5_insert.log' using 1:2
        format = x:z
        #datapoints = 100
        residuals are weighted equally (unit weight)

function used for fitting: f(x)
	f(x) = a*x**2 + b*x + c
fitted parameters initialized with current variable values

iter      chisq       delta/lim  lambda   a             b             c            
   0 1.9650841689e+13   0.00e+00  2.56e+05    1.000000e+00   1.000000e+00   1.000000e+00
   9 6.2405358891e-07  -2.41e-02  2.56e-04    8.940464e-10  -1.875655e-07   3.077635e-05

After 9 iterations the fit converged.
final sum of squares of residuals : 6.24054e-07
rel. change during last iteration : -2.41431e-07

degrees of freedom    (FIT_NDF)                        : 97
rms of residuals      (FIT_STDFIT) = sqrt(WSSR/ndf)    : 8.02094e-05
variance of residuals (reduced chisquare) = WSSR/ndf   : 6.43354e-09

Final set of parameters            Asymptotic Standard Error
=======================            ==========================
a               = 8.94046e-10      +/- 1.076e-10    (12.04%)
b               = -1.87565e-07     +/- 1.103e-07    (58.82%)
c               = 3.07763e-05      +/- 2.368e-05    (76.96%)

correlation matrix of the fit parameters:
                a      b      c      
a               1.000 
b              -0.968  1.000 
c               0.739 -0.862  1.000 


*******************************************************************************
Mon Oct 20 00:38:45 2025


FIT:    data read from 'exercise5_insert.log' using 1:3
        format = x:z
        #datapoints = 100
        residuals are weighted equally (unit weight)

function used for fitting: f(x)
	f(x) = a*x**2 + b*x + c
fitted parameters initialized with current variable values

iter      chisq       delta/lim  lambda   a             b             c            
   0 1.1036656240e+13   0.00e+00  2.56e+05    1.000000e+00   1.000000e+00   1.000000e+00
   8 7.5015224894e+06  -3.44e-03  2.56e-03    2.493720e-01   1.307635e+00  -7.324828e+01

After 8 iterations the fit converged.
final sum of squares of residuals : 7.50152e+06
rel. change during last iteration : -3.43967e-08

degrees of freedom    (FIT_NDF)                        : 97
rms of residuals      (FIT_STDFIT) = sqrt(WSSR/ndf)    : 278.092
variance of residuals (reduced chisquare) = WSSR/ndf   : 77335.3

Final set of parameters            Asymptotic Standard Error
=======================            ==========================
a               = 0.249372         +/- 0.0003732    (0.1497%)
b               = 1.30764          +/- 0.3825       (29.25%)
c               = -73.2483         +/- 82.12        (112.1%)

correlation matrix of the fit parameters:
                a      b      c      
a               1.000 
b              -0.968  1.000 
c               0.739 -0.862  1.000 


*******************************************************************************
Mon Oct 20 00:39:10 2025


FIT:    data read from 'exercise5_insert.log' using 1:3
        format = x:z
        #datapoints = 100
        residuals are weighted equally (unit weight)

function used for fitting: f(x)
	f(x) = a*x**2 + b*x + c
fitted parameters initialized with current variable values

iter      chisq       delta/lim  lambda   a             b             c            
   0 1.1033995528e+13   0.00e+00  2.56e+05    1.000000e+00   1.000000e+00   1.000000e+00
   6 5.5069668031e+06  -1.61e-01  2.56e-01    2.500704e-01   7.246359e-01   3.819922e-01

After 6 iterations the fit converged.
final sum of squares of residuals : 5.50697e+06
rel. change during last iteration : -1.60503e-06

degrees of freedom    (FIT_NDF)                        : 97
rms of residuals      (FIT_STDFIT) = sqrt(WSSR/ndf)    : 238.271
variance of residuals (reduced chisquare) = WSSR/ndf   : 56772.9

Final set of parameters            Asymptotic Standard Error
=======================            ==========================
a               = 0.25007          +/- 0.0003198    (0.1279%)
b               = 0.724636         +/- 0.3278       (45.23%)
c               = 0.381992         +/- 70.36        (1.842e+04%)

correlation matrix of the fit parameters:
                a      b      c      
a               1.000 
b              -0.968  1.000 
c               0.739 -0.862  1.000 


*******************************************************************************
Mon Oct 20 00:41:14 2025


FIT:    data read from 'exercise5_insert.log' using 1:2
        format = x:z
        #datapoints = 100
        residuals are weighted equally (unit weight)

function used for fitting: f(x)
	f(x) = a*x**2 + b*x + c
fitted parameters initialized with current variable values

iter      chisq       delta/lim  lambda   a             b             c            
   0 1.9650841692e+13   0.00e+00  2.56e+05    1.000000e+00   1.000000e+00   1.000000e+00
   9 2.9455319266e-08  -5.12e-01  2.56e-04    6.207603e-10  -7.828997e-09   1.032137e-05

After 9 iterations the fit converged.
final sum of squares of residuals : 2.94553e-08
rel. change during last iteration : -5.11527e-06

degrees of freedom    (FIT_NDF)                        : 97
rms of residuals      (FIT_STDFIT) = sqrt(WSSR/ndf)    : 1.74259e-05
variance of residuals (reduced chisquare) = WSSR/ndf   : 3.03663e-10

Final set of parameters            Asymptotic Standard Error
=======================            ==========================
a               = 6.2076e-10       +/- 2.339e-11    (3.767%)
b               = -7.829e-09       +/- 2.397e-08    (306.2%)
c               = 1.03214e-05      +/- 5.146e-06    (49.85%)

correlation matrix of the fit parameters:
                a      b      c      
a               1.000 
b              -0.968  1.000 
c               0.739 -0.862  1.000 


*******************************************************************************
Mon Oct 20 00:43:00 2025


FIT:    data read from 'exercise5_bubble.log' using 1:2
        format = x:z
        #datapoints = 100
        residuals are weighted equally (unit weight)

function used for fitting: f(x)
	f(x) = a*x**2 + b*x + c
fitted parameters initialized with current variable values

iter      chisq       delta/lim  lambda   a             b             c            
   0 1.9650841656e+13   0.00e+00  2.56e+05    1.000000e+00   1.000000e+00   1.000000e+00
   9 3.9227489366e-08  -3.84e-01  2.56e-04    1.548416e-09  -2.449300e-08   2.372149e-05

After 9 iterations the fit converged.
final sum of squares of residuals : 3.92275e-08
rel. change during last iteration : -3.84087e-06

degrees of freedom    (FIT_NDF)                        : 97
rms of residuals      (FIT_STDFIT) = sqrt(WSSR/ndf)    : 2.01099e-05
variance of residuals (reduced chisquare) = WSSR/ndf   : 4.04407e-10

Final set of parameters            Asymptotic Standard Error
=======================            ==========================
a               = 1.54842e-09      +/- 2.699e-11    (1.743%)
b               = -2.4493e-08      +/- 2.766e-08    (112.9%)
c               = 2.37215e-05      +/- 5.938e-06    (25.03%)

correlation matrix of the fit parameters:
                a      b      c      
a               1.000 
b              -0.968  1.000 
c               0.739 -0.862  1.000 


*******************************************************************************
Mon Oct 20 00:43:26 2025


FIT:    data read from 'exercise5_bubble.log' using 1:3
        format = x:z
        #datapoints = 100
        residuals are weighted equally (unit weight)

function used for fitting: f(x)
	f(x) = a*x**2 + b*x + c
fitted parameters initialized with current variable values

iter      chisq       delta/lim  lambda   a             b             c            
   0 4.9597188195e+12   0.00e+00  2.56e+05    1.000000e+00   1.000000e+00   1.000000e+00
   8 3.1505277455e+05  -1.05e-02  2.56e-03    5.000465e-01  -1.476675e+00   2.751756e+01

After 8 iterations the fit converged.
final sum of squares of residuals : 315053
rel. change during last iteration : -1.04541e-07

degrees of freedom    (FIT_NDF)                        : 97
rms of residuals      (FIT_STDFIT) = sqrt(WSSR/ndf)    : 56.9909
variance of residuals (reduced chisquare) = WSSR/ndf   : 3247.97

Final set of parameters            Asymptotic Standard Error
=======================            ==========================
a               = 0.500047         +/- 7.648e-05    (0.01529%)
b               = -1.47667         +/- 0.0784       (5.309%)
c               = 27.5176          +/- 16.83        (61.16%)

correlation matrix of the fit parameters:
                a      b      c      
a               1.000 
b              -0.968  1.000 
c               0.739 -0.862  1.000 
